<?xml version="1.0" encoding="UTF-8"?>
<testng-results skipped="0" failed="0" ignored="0" total="1" passed="1">
  <reporter-output>
  </reporter-output>
  <suite name="Suite" duration-ms="168902" started-at="2021-10-04T11:10:18 IST" finished-at="2021-10-04T11:13:07 IST">
    <groups>
    </groups>
    <test name="Test" duration-ms="168902" started-at="2021-10-04T11:10:18 IST" finished-at="2021-10-04T11:13:07 IST">
      <class name="Project.TC_58_createLead">
        <test-method status="PASS" signature="login()[pri:0, instance:Project.TC_58_createLead@7fac631b]" name="login" is-config="true" duration-ms="105327" started-at="2021-10-04T11:10:18 IST" finished-at="2021-10-04T11:12:03 IST">
          <reporter-output>
          </reporter-output>
        </test-method> <!-- login -->
        <test-method status="PASS" signature="createLeadAndDelete()[pri:0, instance:Project.TC_58_createLead@7fac631b]" name="createLeadAndDelete" duration-ms="56546" started-at="2021-10-04T11:12:03 IST" finished-at="2021-10-04T11:13:00 IST">
          <reporter-output>
          </reporter-output>
        </test-method> <!-- createLeadAndDelete -->
        <test-method status="PASS" signature="logout()[pri:0, instance:Project.TC_58_createLead@7fac631b]" name="logout" is-config="true" duration-ms="6974" started-at="2021-10-04T11:13:00 IST" finished-at="2021-10-04T11:13:07 IST">
          <reporter-output>
          </reporter-output>
        </test-method> <!-- logout -->
      </class> <!-- Project.TC_58_createLead -->
    </test> <!-- Test -->
  </suite> <!-- Suite -->
</testng-results>
