<?xml version="1.0" encoding="UTF-8"?>
<!-- Generated by org.testng.reporters.JUnitReportReporter -->
<testsuite skipped="0" hostname="DESKTOP-TDJ6NPK" name="com.crmVtiger.testscript.TC_46createQuoteunderMoreInformationwithoutMandatoryFields" tests="1" failures="0" timestamp="2021-10-18T23:30:40 IST" time="24.651" errors="1">
  <testcase name="TC_46createQuoteunderMoreInformationwithoutMandatoryFieldsTest" time="24.651" classname="com.crmVtiger.testscript.TC_46createQuoteunderMoreInformationwithoutMandatoryFields">
    <error type="java.lang.NullPointerException">
      <![CDATA[java.lang.NullPointerException
at java.util.Objects.requireNonNull(Unknown Source)
at org.openqa.selenium.interactions.Actions.<init>(Actions.java:65)
at com.Vtiger.pomrepositorylib.Contacts.moveToMoreInfo(Contacts.java:45)
at com.crmVtiger.testscript.TC_46createQuoteunderMoreInformationwithoutMandatoryFields.TC_46createQuoteunderMoreInformationwithoutMandatoryFieldsTest(TC_46createQuoteunderMoreInformationwithoutMandatoryFields.java:20)
at sun.reflect.NativeMethodAccessorImpl.invoke0(Native Method)
at sun.reflect.NativeMethodAccessorImpl.invoke(Unknown Source)
at sun.reflect.DelegatingMethodAccessorImpl.invoke(Unknown Source)
at java.lang.reflect.Method.invoke(Unknown Source)
at org.testng.internal.MethodInvocationHelper.invokeMethod(MethodInvocationHelper.java:133)
at org.testng.internal.TestInvoker.invokeMethod(TestInvoker.java:598)
at org.testng.internal.TestInvoker.invokeTestMethod(TestInvoker.java:173)
at org.testng.internal.MethodRunner.runInSequence(MethodRunner.java:46)
at org.testng.internal.TestInvoker$MethodInvocationAgent.invoke(TestInvoker.java:824)
at org.testng.internal.TestInvoker.invokeTestMethods(TestInvoker.java:146)
at org.testng.internal.TestMethodWorker.invokeTestMethods(TestMethodWorker.java:146)
at org.testng.internal.TestMethodWorker.run(TestMethodWorker.java:128)
at java.util.ArrayList.forEach(Unknown Source)
at org.testng.TestRunner.privateRun(TestRunner.java:794)
at org.testng.TestRunner.run(TestRunner.java:596)
at org.testng.SuiteRunner.runTest(SuiteRunner.java:377)
at org.testng.SuiteRunner.runSequentially(SuiteRunner.java:371)
at org.testng.SuiteRunner.privateRun(SuiteRunner.java:332)
at org.testng.SuiteRunner.run(SuiteRunner.java:276)
at org.testng.SuiteRunnerWorker.runSuite(SuiteRunnerWorker.java:53)
at org.testng.SuiteRunnerWorker.run(SuiteRunnerWorker.java:96)
at org.testng.TestNG.runSuitesSequentially(TestNG.java:1212)
at org.testng.TestNG.runSuitesLocally(TestNG.java:1134)
at org.testng.TestNG.runSuites(TestNG.java:1063)
at org.testng.TestNG.run(TestNG.java:1031)
at org.testng.remote.AbstractRemoteTestNG.run(AbstractRemoteTestNG.java:115)
at org.testng.remote.RemoteTestNG.initAndRun(RemoteTestNG.java:251)
at org.testng.remote.RemoteTestNG.main(RemoteTestNG.java:77)
]]>
    </error>
  </testcase> <!-- TC_46createQuoteunderMoreInformationwithoutMandatoryFieldsTest -->
  <system-out/>
</testsuite> <!-- com.crmVtiger.testscript.TC_46createQuoteunderMoreInformationwithoutMandatoryFields -->
