<?xml version="1.0" encoding="UTF-8"?>
<testng-results skipped="0" failed="1" ignored="0" total="1" passed="0">
  <reporter-output>
  </reporter-output>
  <suite name="Default suite" duration-ms="32500" started-at="2021-10-18T23:30:07 IST" finished-at="2021-10-18T23:30:40 IST">
    <groups>
    </groups>
    <test name="Default test" duration-ms="32500" started-at="2021-10-18T23:30:07 IST" finished-at="2021-10-18T23:30:40 IST">
      <class name="com.crmVtiger.testscript.TC_46createQuoteunderMoreInformationwithoutMandatoryFields">
        <test-method status="PASS" signature="connectDB()[pri:0, instance:com.crmVtiger.testscript.TC_46createQuoteunderMoreInformationwithoutMandatoryFields@df27fae]" name="connectDB" is-config="true" duration-ms="19" started-at="2021-10-18T23:30:07 IST" finished-at="2021-10-18T23:30:07 IST">
          <reporter-output>
          </reporter-output>
        </test-method> <!-- connectDB -->
        <test-method status="PASS" signature="launchBrowser(java.lang.String)[pri:0, instance:com.crmVtiger.testscript.TC_46createQuoteunderMoreInformationwithoutMandatoryFields@df27fae]" name="launchBrowser" is-config="true" duration-ms="7277" started-at="2021-10-18T23:30:07 IST" finished-at="2021-10-18T23:30:15 IST">
          <params>
            <param index="0">
              <value>
                <![CDATA[chrome]]>
              </value>
            </param>
          </params>
          <reporter-output>
          </reporter-output>
        </test-method> <!-- launchBrowser -->
        <test-method status="PASS" signature="logintoApp()[pri:0, instance:com.crmVtiger.testscript.TC_46createQuoteunderMoreInformationwithoutMandatoryFields@df27fae]" name="logintoApp" is-config="true" duration-ms="6264" started-at="2021-10-18T23:30:15 IST" finished-at="2021-10-18T23:30:21 IST">
          <reporter-output>
          </reporter-output>
        </test-method> <!-- logintoApp -->
        <test-method status="FAIL" signature="TC_46createQuoteunderMoreInformationwithoutMandatoryFieldsTest()[pri:0, instance:com.crmVtiger.testscript.TC_46createQuoteunderMoreInformationwithoutMandatoryFields@df27fae]" name="TC_46createQuoteunderMoreInformationwithoutMandatoryFieldsTest" duration-ms="12111" started-at="2021-10-18T23:30:21 IST" finished-at="2021-10-18T23:30:33 IST">
          <exception class="java.lang.NullPointerException">
            <full-stacktrace>
              <![CDATA[java.lang.NullPointerException
at java.util.Objects.requireNonNull(Unknown Source)
at org.openqa.selenium.interactions.Actions.<init>(Actions.java:65)
at com.Vtiger.pomrepositorylib.Contacts.moveToMoreInfo(Contacts.java:45)
at com.crmVtiger.testscript.TC_46createQuoteunderMoreInformationwithoutMandatoryFields.TC_46createQuoteunderMoreInformationwithoutMandatoryFieldsTest(TC_46createQuoteunderMoreInformationwithoutMandatoryFields.java:20)
at sun.reflect.NativeMethodAccessorImpl.invoke0(Native Method)
at sun.reflect.NativeMethodAccessorImpl.invoke(Unknown Source)
at sun.reflect.DelegatingMethodAccessorImpl.invoke(Unknown Source)
at java.lang.reflect.Method.invoke(Unknown Source)
at org.testng.internal.MethodInvocationHelper.invokeMethod(MethodInvocationHelper.java:133)
at org.testng.internal.TestInvoker.invokeMethod(TestInvoker.java:598)
at org.testng.internal.TestInvoker.invokeTestMethod(TestInvoker.java:173)
at org.testng.internal.MethodRunner.runInSequence(MethodRunner.java:46)
at org.testng.internal.TestInvoker$MethodInvocationAgent.invoke(TestInvoker.java:824)
at org.testng.internal.TestInvoker.invokeTestMethods(TestInvoker.java:146)
at org.testng.internal.TestMethodWorker.invokeTestMethods(TestMethodWorker.java:146)
at org.testng.internal.TestMethodWorker.run(TestMethodWorker.java:128)
at java.util.ArrayList.forEach(Unknown Source)
at org.testng.TestRunner.privateRun(TestRunner.java:794)
at org.testng.TestRunner.run(TestRunner.java:596)
at org.testng.SuiteRunner.runTest(SuiteRunner.java:377)
at org.testng.SuiteRunner.runSequentially(SuiteRunner.java:371)
at org.testng.SuiteRunner.privateRun(SuiteRunner.java:332)
at org.testng.SuiteRunner.run(SuiteRunner.java:276)
at org.testng.SuiteRunnerWorker.runSuite(SuiteRunnerWorker.java:53)
at org.testng.SuiteRunnerWorker.run(SuiteRunnerWorker.java:96)
at org.testng.TestNG.runSuitesSequentially(TestNG.java:1212)
at org.testng.TestNG.runSuitesLocally(TestNG.java:1134)
at org.testng.TestNG.runSuites(TestNG.java:1063)
at org.testng.TestNG.run(TestNG.java:1031)
at org.testng.remote.AbstractRemoteTestNG.run(AbstractRemoteTestNG.java:115)
at org.testng.remote.RemoteTestNG.initAndRun(RemoteTestNG.java:251)
at org.testng.remote.RemoteTestNG.main(RemoteTestNG.java:77)
]]>
            </full-stacktrace>
          </exception> <!-- java.lang.NullPointerException -->
          <reporter-output>
          </reporter-output>
        </test-method> <!-- TC_46createQuoteunderMoreInformationwithoutMandatoryFieldsTest -->
        <test-method status="PASS" signature="logOutofApp()[pri:0, instance:com.crmVtiger.testscript.TC_46createQuoteunderMoreInformationwithoutMandatoryFields@df27fae]" name="logOutofApp" is-config="true" duration-ms="6276" started-at="2021-10-18T23:30:33 IST" finished-at="2021-10-18T23:30:39 IST">
          <reporter-output>
          </reporter-output>
        </test-method> <!-- logOutofApp -->
        <test-method status="PASS" signature="closeBrowser()[pri:0, instance:com.crmVtiger.testscript.TC_46createQuoteunderMoreInformationwithoutMandatoryFields@df27fae]" name="closeBrowser" is-config="true" duration-ms="460" started-at="2021-10-18T23:30:39 IST" finished-at="2021-10-18T23:30:40 IST">
          <reporter-output>
          </reporter-output>
        </test-method> <!-- closeBrowser -->
        <test-method status="PASS" signature="closeDBConnection()[pri:0, instance:com.crmVtiger.testscript.TC_46createQuoteunderMoreInformationwithoutMandatoryFields@df27fae]" name="closeDBConnection" is-config="true" duration-ms="2" started-at="2021-10-18T23:30:40 IST" finished-at="2021-10-18T23:30:40 IST">
          <reporter-output>
          </reporter-output>
        </test-method> <!-- closeDBConnection -->
      </class> <!-- com.crmVtiger.testscript.TC_46createQuoteunderMoreInformationwithoutMandatoryFields -->
    </test> <!-- Default test -->
  </suite> <!-- Default suite -->
</testng-results>
